[   106.319] (--) Log file renamed from "/home/anjali/.local/share/xorg/Xorg.pid-1019.log" to "/home/anjali/.local/share/xorg/Xorg.0.log"
[   106.319] 
X.Org X Server 1.19.6
Release Date: 2017-12-20
[   106.320] X Protocol Version 11, Revision 0
[   106.320] Build Operating System: Linux 4.4.0-138-generic x86_64 Ubuntu
[   106.320] Current Operating System: Linux anjali-VirtualBox 4.15.0-39-generic #42-Ubuntu SMP Tue Oct 23 15:48:01 UTC 2018 x86_64
[   106.320] Kernel command line: BOOT_IMAGE=/boot/vmlinuz-4.15.0-39-generic root=UUID=5ad2d35e-94f1-4493-8e9a-16a57f2b53f3 ro quiet splash
[   106.320] Build Date: 25 October 2018  04:11:27PM
[   106.320] xorg-server 2:1.19.6-1ubuntu4.2 (For technical support please see http://www.ubuntu.com/support) 
[   106.321] Current version of pixman: 0.34.0
[   106.321] 	Before reporting problems, check http://wiki.x.org
	to make sure that you have the latest version.
[   106.321] Markers: (--) probed, (**) from config file, (==) default setting,
	(++) from command line, (!!) notice, (II) informational,
	(WW) warning, (EE) error, (NI) not implemented, (??) unknown.
[   106.322] (==) Log file: "/home/anjali/.local/share/xorg/Xorg.0.log", Time: Sat May  4 16:04:09 2019
[   106.355] (==) Using system config directory "/usr/share/X11/xorg.conf.d"
[   106.383] (==) No Layout section.  Using the first Screen section.
[   106.383] (==) No screen section available. Using defaults.
[   106.384] (**) |-->Screen "Default Screen Section" (0)
[   106.384] (**) |   |-->Monitor "<default monitor>"
[   106.387] (==) No monitor specified for screen "Default Screen Section".
	Using a default monitor configuration.
[   106.387] (==) Automatically adding devices
[   106.388] (==) Automatically enabling devices
[   106.388] (==) Automatically adding GPU devices
[   106.388] (==) Automatically binding GPU devices
[   106.388] (==) Max clients allowed: 256, resource mask: 0x1fffff
[   106.388] (WW) The directory "/usr/share/fonts/X11/cyrillic" does not exist.
[   106.389] 	Entry deleted from font path.
[   106.389] (WW) The directory "/usr/share/fonts/X11/100dpi/" does not exist.
[   106.389] 	Entry deleted from font path.
[   106.389] (WW) The directory "/usr/share/fonts/X11/75dpi/" does not exist.
[   106.389] 	Entry deleted from font path.
[   106.390] (WW) The directory "/usr/share/fonts/X11/100dpi" does not exist.
[   106.390] 	Entry deleted from font path.
[   106.390] (WW) The directory "/usr/share/fonts/X11/75dpi" does not exist.
[   106.390] 	Entry deleted from font path.
[   106.391] (==) FontPath set to:
	/usr/share/fonts/X11/misc,
	/usr/share/fonts/X11/Type1,
	built-ins
[   106.391] (==) ModulePath set to "/usr/lib/xorg/modules"
[   106.391] (II) The server relies on udev to provide the list of input devices.
	If no devices become available, reconfigure udev or disable AutoAddDevices.
[   106.394] (II) Loader magic: 0x556b64468020
[   106.394] (II) Module ABI versions:
[   106.394] 	X.Org ANSI C Emulation: 0.4
[   106.394] 	X.Org Video Driver: 23.0
[   106.394] 	X.Org XInput driver : 24.1
[   106.394] 	X.Org Server Extension : 10.0
[   106.396] (++) using VT number 2

[   106.414] (II) systemd-logind: took control of session /org/freedesktop/login1/session/_32
[   106.415] (II) xfree86: Adding drm device (/dev/dri/card0)
[   106.424] (II) systemd-logind: got fd for /dev/dri/card0 226:0 fd 12 paused 0
[   106.426] (--) PCI:*(0:0:2:0) 80ee:beef:0000:0000 rev 0, Mem @ 0xe0000000/16777216, BIOS @ 0x????????/131072
[   106.426] (II) LoadModule: "glx"
[   106.531] (II) Loading /usr/lib/xorg/modules/extensions/libglx.so
[   106.536] (II) Module glx: vendor="X.Org Foundation"
[   106.536] 	compiled for 1.19.6, module version = 1.0.0
[   106.536] 	ABI class: X.Org Server Extension, version 10.0
[   106.536] (==) Matched vboxvideo as autoconfigured driver 0
[   106.536] (==) Matched vboxvideo as autoconfigured driver 1
[   106.536] (==) Matched modesetting as autoconfigured driver 2
[   106.536] (==) Matched fbdev as autoconfigured driver 3
[   106.536] (==) Matched vesa as autoconfigured driver 4
[   106.536] (==) Assigned the driver to the xf86ConfigLayout
[   106.536] (II) LoadModule: "vboxvideo"
[   106.536] (WW) Warning, couldn't open module vboxvideo
[   106.536] (II) UnloadModule: "vboxvideo"
[   106.536] (II) Unloading vboxvideo
[   106.536] (EE) Failed to load module "vboxvideo" (module does not exist, 0)
[   106.536] (II) LoadModule: "modesetting"
[   106.536] (II) Loading /usr/lib/xorg/modules/drivers/modesetting_drv.so
[   106.555] (II) Module modesetting: vendor="X.Org Foundation"
[   106.555] 	compiled for 1.19.6, module version = 1.19.6
[   106.555] 	Module class: X.Org Video Driver
[   106.555] 	ABI class: X.Org Video Driver, version 23.0
[   106.555] (II) LoadModule: "fbdev"
[   106.555] (II) Loading /usr/lib/xorg/modules/drivers/fbdev_drv.so
[   106.577] (II) Module fbdev: vendor="X.Org Foundation"
[   106.577] 	compiled for 1.19.3, module version = 0.4.4
[   106.577] 	Module class: X.Org Video Driver
[   106.577] 	ABI class: X.Org Video Driver, version 23.0
[   106.577] (II) LoadModule: "vesa"
[   106.577] (II) Loading /usr/lib/xorg/modules/drivers/vesa_drv.so
[   106.583] (II) Module vesa: vendor="X.Org Foundation"
[   106.583] 	compiled for 1.19.3, module version = 2.3.4
[   106.583] 	Module class: X.Org Video Driver
[   106.583] 	ABI class: X.Org Video Driver, version 23.0
[   106.583] (==) Matched vboxvideo as autoconfigured driver 0
[   106.583] (==) Matched vboxvideo as autoconfigured driver 1
[   106.583] (==) Matched modesetting as autoconfigured driver 2
[   106.583] (==) Matched fbdev as autoconfigured driver 3
[   106.583] (==) Matched vesa as autoconfigured driver 4
[   106.583] (==) Assigned the driver to the xf86ConfigLayout
[   106.583] (II) LoadModule: "vboxvideo"
[   106.583] (WW) Warning, couldn't open module vboxvideo
[   106.583] (II) UnloadModule: "vboxvideo"
[   106.583] (II) Unloading vboxvideo
[   106.583] (EE) Failed to load module "vboxvideo" (module does not exist, 0)
[   106.583] (II) LoadModule: "modesetting"
[   106.583] (II) Loading /usr/lib/xorg/modules/drivers/modesetting_drv.so
[   106.584] (II) Module modesetting: vendor="X.Org Foundation"
[   106.584] 	compiled for 1.19.6, module version = 1.19.6
[   106.584] 	Module class: X.Org Video Driver
[   106.584] 	ABI class: X.Org Video Driver, version 23.0
[   106.584] (II) UnloadModule: "modesetting"
[   106.584] (II) Unloading modesetting
[   106.584] (II) Failed to load module "modesetting" (already loaded, 0)
[   106.586] (II) LoadModule: "fbdev"
[   106.586] (II) Loading /usr/lib/xorg/modules/drivers/fbdev_drv.so
[   106.586] (II) Module fbdev: vendor="X.Org Foundation"
[   106.586] 	compiled for 1.19.3, module version = 0.4.4
[   106.586] 	Module class: X.Org Video Driver
[   106.586] 	ABI class: X.Org Video Driver, version 23.0
[   106.586] (II) UnloadModule: "fbdev"
[   106.586] (II) Unloading fbdev
[   106.586] (II) Failed to load module "fbdev" (already loaded, 0)
[   106.586] (II) LoadModule: "vesa"
[   106.586] (II) Loading /usr/lib/xorg/modules/drivers/vesa_drv.so
[   106.586] (II) Module vesa: vendor="X.Org Foundation"
[   106.586] 	compiled for 1.19.3, module version = 2.3.4
[   106.586] 	Module class: X.Org Video Driver
[   106.586] 	ABI class: X.Org Video Driver, version 23.0
[   106.586] (II) UnloadModule: "vesa"
[   106.586] (II) Unloading vesa
[   106.586] (II) Failed to load module "vesa" (already loaded, 0)
[   106.586] (II) modesetting: Driver for Modesetting Kernel Drivers: kms
[   106.586] (II) FBDEV: driver for framebuffer: fbdev
[   106.586] (II) VESA: driver for VESA chipsets: vesa
[   106.591] xf86EnableIOPorts: failed to set IOPL for I/O (Operation not permitted)
[   106.591] (II) modeset(0): using drv /dev/dri/card0
[   106.591] (WW) Falling back to old probe method for fbdev
[   106.591] (II) Loading sub module "fbdevhw"
[   106.591] (II) LoadModule: "fbdevhw"
[   106.591] (II) Loading /usr/lib/xorg/modules/libfbdevhw.so
[   106.593] (II) Module fbdevhw: vendor="X.Org Foundation"
[   106.593] 	compiled for 1.19.6, module version = 0.0.2
[   106.593] 	ABI class: X.Org Video Driver, version 23.0
[   106.593] (EE) open /dev/fb0: Permission denied
[   106.593] (WW) Falling back to old probe method for vesa
[   106.593] (WW) VGA arbiter: cannot open kernel arbiter, no multi-card support
[   106.594] (II) modeset(0): Creating default Display subsection in Screen section
	"Default Screen Section" for depth/fbbpp 24/32
[   106.594] (==) modeset(0): Depth 24, (==) framebuffer bpp 32
[   106.594] (==) modeset(0): RGB weight 888
[   106.594] (==) modeset(0): Default visual is TrueColor
[   106.594] (II) Loading sub module "glamoregl"
[   106.594] (II) LoadModule: "glamoregl"
[   106.594] (II) Loading /usr/lib/xorg/modules/libglamoregl.so
[   106.614] (II) Module glamoregl: vendor="X.Org Foundation"
[   106.614] 	compiled for 1.19.6, module version = 1.0.0
[   106.614] 	ABI class: X.Org ANSI C Emulation, version 0.4
[   106.614] (II) glamor: OpenGL accelerated X.org driver based.
[   106.631] (II) glamor: EGL version 1.4 (DRI2):
[   106.631] EGL_MESA_drm_image required.
[   106.632] (EE) modeset(0): glamor initialization failed
[   106.632] (II) modeset(0): ShadowFB: preferred NO, enabled NO
[   106.634] (II) modeset(0): Output VGA-1 has no monitor section
[   106.636] (II) modeset(0): EDID for output VGA-1
[   106.636] (II) modeset(0): Manufacturer: VBX  Model: 0  Serial#: 62261120
[   106.636] (II) modeset(0): Year: 1990  Week: 1
[   106.636] (II) modeset(0): EDID Version: 1.3
[   106.636] (II) modeset(0): Digital Display Input
[   106.636] (II) modeset(0): Indeterminate output size
[   106.636] (II) modeset(0): Gamma: 2.20
[   106.636] (II) modeset(0): DPMS capabilities: StandBy Suspend Off
[   106.636] (II) modeset(0): Supported color encodings: RGB 4:4:4 YCrCb 4:4:4 
[   106.636] (II) modeset(0): Default color space is primary color space
[   106.636] (II) modeset(0): First detailed timing is preferred mode
[   106.636] (II) modeset(0): redX: 0.640 redY: 0.330   greenX: 0.300 greenY: 0.600
[   106.636] (II) modeset(0): blueX: 0.150 blueY: 0.060   whiteX: 0.312 whiteY: 0.329
[   106.637] (II) modeset(0): Manufacturer's mask: 0
[   106.637] (II) modeset(0): Supported detailed timing:
[   106.637] (II) modeset(0): clock: 110.5 MHz   Image Size:  0 x 0 mm
[   106.637] (II) modeset(0): h_active: 1920  h_sync: 1922  h_sync_end 1924 h_blank_end 1926 h_border: 0
[   106.637] (II) modeset(0): v_active: 950  v_sync: 950  v_sync_end 984 v_blanking: 956 v_border: 0
[   106.637] (II) modeset(0): Ranges: V min: 0 V max: 200 Hz, H min: 0 H max: 200 kHz, PixClock max 1005 MHz
[   106.637] (II) modeset(0): Monitor name: VBOX monitor
[   106.637] (II) modeset(0): EDID (in hex):
[   106.637] (II) modeset(0): 	00ffffffffffff00585800008007b603
[   106.637] (II) modeset(0): 	0100010380000078eeee91a3544c9926
[   106.637] (II) modeset(0): 	0f505400000001010101010101010101
[   106.637] (II) modeset(0): 	010101010101272b800670b606300202
[   106.637] (II) modeset(0): 	0202000000000000000000fd0000c800
[   106.637] (II) modeset(0): 	c864000a202020202020000000fc0056
[   106.638] (II) modeset(0): 	424f58206d6f6e69746f720a00000010
[   106.638] (II) modeset(0): 	000a20202020202020202020202000e9
[   106.638] (II) modeset(0): Printing probed modes for output VGA-1
[   106.638] (II) modeset(0): Modeline "1920x950"x60.0  150.43  1920 2032 2232 2544  950 953 963 986 -hsync +vsync (59.1 kHz P)
[   106.638] (II) modeset(0): Modeline "2560x1600"x60.0  348.50  2560 2752 3032 3504  1600 1603 1609 1658 -hsync +vsync (99.5 kHz e)
[   106.638] (II) modeset(0): Modeline "2560x1600"x60.0  268.50  2560 2608 2640 2720  1600 1603 1609 1646 +hsync -vsync (98.7 kHz e)
[   106.638] (II) modeset(0): Modeline "1920x1440"x60.0  234.00  1920 2048 2256 2600  1440 1441 1444 1500 -hsync +vsync (90.0 kHz e)
[   106.638] (II) modeset(0): Modeline "1856x1392"x60.0  218.25  1856 1952 2176 2528  1392 1393 1396 1439 -hsync +vsync (86.3 kHz e)
[   106.638] (II) modeset(0): Modeline "1792x1344"x60.0  204.75  1792 1920 2120 2448  1344 1345 1348 1394 -hsync +vsync (83.6 kHz e)
[   106.638] (II) modeset(0): Modeline "2048x1152"x60.0  162.00  2048 2074 2154 2250  1152 1153 1156 1200 +hsync +vsync (72.0 kHz e)
[   106.638] (II) modeset(0): Modeline "1920x1200"x59.9  193.25  1920 2056 2256 2592  1200 1203 1209 1245 -hsync +vsync (74.6 kHz e)
[   106.638] (II) modeset(0): Modeline "1920x1200"x60.0  154.00  1920 1968 2000 2080  1200 1203 1209 1235 +hsync -vsync (74.0 kHz e)
[   106.638] (II) modeset(0): Modeline "1920x1080"x60.0  148.50  1920 2008 2052 2200  1080 1084 1089 1125 -hsync -vsync (67.5 kHz e)
[   106.639] (II) modeset(0): Modeline "1600x1200"x60.0  162.00  1600 1664 1856 2160  1200 1201 1204 1250 +hsync +vsync (75.0 kHz e)
[   106.639] (II) modeset(0): Modeline "1680x1050"x60.0  146.25  1680 1784 1960 2240  1050 1053 1059 1089 -hsync +vsync (65.3 kHz e)
[   106.639] (II) modeset(0): Modeline "1680x1050"x59.9  119.00  1680 1728 1760 1840  1050 1053 1059 1080 +hsync -vsync (64.7 kHz e)
[   106.639] (II) modeset(0): Modeline "1400x1050"x60.0  121.75  1400 1488 1632 1864  1050 1053 1057 1089 -hsync +vsync (65.3 kHz e)
[   106.639] (II) modeset(0): Modeline "1400x1050"x59.9  101.00  1400 1448 1480 1560  1050 1053 1057 1080 +hsync -vsync (64.7 kHz e)
[   106.639] (II) modeset(0): Modeline "1600x900"x60.0  108.00  1600 1624 1704 1800  900 901 904 1000 +hsync +vsync (60.0 kHz e)
[   106.639] (II) modeset(0): Modeline "1280x1024"x60.0  108.00  1280 1328 1440 1688  1024 1025 1028 1066 +hsync +vsync (64.0 kHz e)
[   106.639] (II) modeset(0): Modeline "1440x900"x59.9  106.50  1440 1520 1672 1904  900 903 909 934 -hsync +vsync (55.9 kHz e)
[   106.639] (II) modeset(0): Modeline "1440x900"x59.9   88.75  1440 1488 1520 1600  900 903 909 926 +hsync -vsync (55.5 kHz e)
[   106.639] (II) modeset(0): Modeline "1280x960"x60.0  108.00  1280 1376 1488 1800  960 961 964 1000 +hsync +vsync (60.0 kHz e)
[   106.639] (II) modeset(0): Modeline "1366x768"x59.8   85.50  1366 1436 1579 1792  768 771 774 798 +hsync +vsync (47.7 kHz e)
[   106.639] (II) modeset(0): Modeline "1366x768"x60.0   72.00  1366 1380 1436 1500  768 769 772 800 +hsync +vsync (48.0 kHz e)
[   106.639] (II) modeset(0): Modeline "1360x768"x60.0   85.50  1360 1424 1536 1792  768 771 777 795 +hsync +vsync (47.7 kHz e)
[   106.639] (II) modeset(0): Modeline "1280x800"x59.8   83.50  1280 1352 1480 1680  800 803 809 831 -hsync +vsync (49.7 kHz e)
[   106.640] (II) modeset(0): Modeline "1280x800"x59.9   71.00  1280 1328 1360 1440  800 803 809 823 +hsync -vsync (49.3 kHz e)
[   106.640] (II) modeset(0): Modeline "1280x768"x59.9   79.50  1280 1344 1472 1664  768 771 778 798 -hsync +vsync (47.8 kHz e)
[   106.640] (II) modeset(0): Modeline "1280x768"x60.0   68.25  1280 1328 1360 1440  768 771 778 790 +hsync -vsync (47.4 kHz e)
[   106.640] (II) modeset(0): Modeline "1280x720"x60.0   74.25  1280 1390 1430 1650  720 725 730 750 +hsync +vsync (45.0 kHz e)
[   106.640] (II) modeset(0): Modeline "1024x768"x60.0   65.00  1024 1048 1184 1344  768 771 777 806 -hsync -vsync (48.4 kHz e)
[   106.640] (II) modeset(0): Modeline "800x600"x60.3   40.00  800 840 968 1056  600 601 605 628 +hsync +vsync (37.9 kHz e)
[   106.640] (II) modeset(0): Modeline "800x600"x56.2   36.00  800 824 896 1024  600 601 603 625 +hsync +vsync (35.2 kHz e)
[   106.640] (II) modeset(0): Modeline "848x480"x60.0   33.75  848 864 976 1088  480 486 494 517 +hsync +vsync (31.0 kHz e)
[   106.640] (II) modeset(0): Modeline "640x480"x59.9   25.18  640 656 752 800  480 490 492 525 -hsync -vsync (31.5 kHz e)
[   106.640] (II) modeset(0): Output VGA-1 connected
[   106.640] (II) modeset(0): Using exact sizes for initial modes
[   106.640] (II) modeset(0): Output VGA-1 using initial mode 1920x950 +0+0
[   106.640] (==) modeset(0): Using gamma correction (1.0, 1.0, 1.0)
[   106.640] (==) modeset(0): DPI set to (96, 96)
[   106.640] (II) Loading sub module "fb"
[   106.640] (II) LoadModule: "fb"
[   106.641] (II) Loading /usr/lib/xorg/modules/libfb.so
[   106.645] (II) Module fb: vendor="X.Org Foundation"
[   106.645] 	compiled for 1.19.6, module version = 1.0.0
[   106.645] 	ABI class: X.Org ANSI C Emulation, version 0.4
[   106.645] (II) UnloadModule: "fbdev"
[   106.645] (II) Unloading fbdev
[   106.645] (II) UnloadSubModule: "fbdevhw"
[   106.645] (II) Unloading fbdevhw
[   106.645] (II) UnloadModule: "vesa"
[   106.645] (II) Unloading vesa
[   106.645] (==) Depth 24 pixmap format is 32 bpp
[   106.648] (==) modeset(0): Backing store enabled
[   106.648] (==) modeset(0): Silken mouse enabled
[   106.650] (II) modeset(0): RandR 1.2 enabled, ignore the following RandR disabled message.
[   106.651] (==) modeset(0): DPMS enabled
[   106.651] (--) RandR disabled
[   106.665] (II) SELinux: Disabled on system
[   106.669] (II) AIGLX: Screen 0 is not DRI2 capable
[   106.669] (EE) AIGLX: reverting to software rendering
[   106.673] (II) IGLX: enabled GLX_MESA_copy_sub_buffer
[   106.673] (II) IGLX: Loaded and initialized swrast
[   106.674] (II) GLX: Initialized DRISWRAST GL provider for screen 0
[   106.674] (II) modeset(0): Damage tracking initialized
[   106.674] (II) modeset(0): Setting screen physical size to 508 x 251
[   106.713] (II) config/udev: Adding input device Power Button (/dev/input/event0)
[   106.713] (**) Power Button: Applying InputClass "libinput keyboard catchall"
[   106.713] (II) LoadModule: "libinput"
[   106.713] (II) Loading /usr/lib/xorg/modules/input/libinput_drv.so
[   106.716] (II) Module libinput: vendor="X.Org Foundation"
[   106.716] 	compiled for 1.19.6, module version = 0.27.1
[   106.716] 	Module class: X.Org XInput Driver
[   106.716] 	ABI class: X.Org XInput driver, version 24.1
[   106.716] (II) Using input driver 'libinput' for 'Power Button'
[   106.732] (II) systemd-logind: got fd for /dev/input/event0 13:64 fd 20 paused 0
[   106.732] (**) Power Button: always reports core events
[   106.732] (**) Option "Device" "/dev/input/event0"
[   106.733] (**) Option "_source" "server/udev"
[   106.734] (II) event0  - Power Button: is tagged by udev as: Keyboard
[   106.734] (II) event0  - Power Button: device is a keyboard
[   106.734] (II) event0  - Power Button: device removed
[   106.734] (**) Option "config_info" "udev:/sys/devices/LNXSYSTM:00/LNXPWRBN:00/input/input0/event0"
[   106.734] (II) XINPUT: Adding extended input device "Power Button" (type: KEYBOARD, id 6)
[   106.734] (**) Option "xkb_model" "pc105"
[   106.734] (**) Option "xkb_layout" "us"
[   106.735] (II) event0  - Power Button: is tagged by udev as: Keyboard
[   106.735] (II) event0  - Power Button: device is a keyboard
[   106.736] (II) config/udev: Adding input device Sleep Button (/dev/input/event1)
[   106.736] (**) Sleep Button: Applying InputClass "libinput keyboard catchall"
[   106.736] (II) Using input driver 'libinput' for 'Sleep Button'
[   106.738] (II) systemd-logind: got fd for /dev/input/event1 13:65 fd 23 paused 0
[   106.738] (**) Sleep Button: always reports core events
[   106.738] (**) Option "Device" "/dev/input/event1"
[   106.738] (**) Option "_source" "server/udev"
[   106.738] (II) event1  - Sleep Button: is tagged by udev as: Keyboard
[   106.738] (II) event1  - Sleep Button: device is a keyboard
[   106.738] (II) event1  - Sleep Button: device removed
[   106.739] (**) Option "config_info" "udev:/sys/devices/LNXSYSTM:00/LNXSLPBN:00/input/input1/event1"
[   106.739] (II) XINPUT: Adding extended input device "Sleep Button" (type: KEYBOARD, id 7)
[   106.739] (**) Option "xkb_model" "pc105"
[   106.739] (**) Option "xkb_layout" "us"
[   106.739] (II) event1  - Sleep Button: is tagged by udev as: Keyboard
[   106.739] (II) event1  - Sleep Button: device is a keyboard
[   106.742] (II) config/udev: Adding input device Video Bus (/dev/input/event3)
[   106.742] (**) Video Bus: Applying InputClass "libinput keyboard catchall"
[   106.742] (II) Using input driver 'libinput' for 'Video Bus'
[   106.743] (II) systemd-logind: got fd for /dev/input/event3 13:67 fd 24 paused 0
[   106.743] (**) Video Bus: always reports core events
[   106.743] (**) Option "Device" "/dev/input/event3"
[   106.743] (**) Option "_source" "server/udev"
[   106.743] (II) event3  - Video Bus: is tagged by udev as: Keyboard
[   106.743] (II) event3  - Video Bus: device is a keyboard
[   106.743] (II) event3  - Video Bus: device removed
[   106.743] (**) Option "config_info" "udev:/sys/devices/LNXSYSTM:00/LNXSYBUS:00/PNP0A03:00/LNXVIDEO:00/input/input4/event3"
[   106.744] (II) XINPUT: Adding extended input device "Video Bus" (type: KEYBOARD, id 8)
[   106.744] (**) Option "xkb_model" "pc105"
[   106.744] (**) Option "xkb_layout" "us"
[   106.746] (II) event3  - Video Bus: is tagged by udev as: Keyboard
[   106.746] (II) event3  - Video Bus: device is a keyboard
[   106.747] (II) config/udev: Adding input device VirtualBox mouse integration (/dev/input/event6)
[   106.748] (**) VirtualBox mouse integration: Applying InputClass "libinput pointer catchall"
[   106.748] (II) Using input driver 'libinput' for 'VirtualBox mouse integration'
[   106.748] (II) systemd-logind: got fd for /dev/input/event6 13:70 fd 25 paused 0
[   106.749] (**) VirtualBox mouse integration: always reports core events
[   106.749] (**) Option "Device" "/dev/input/event6"
[   106.749] (**) Option "_source" "server/udev"
[   106.749] (II) event6  - VirtualBox mouse integration: is tagged by udev as: Mouse
[   106.749] (II) event6  - VirtualBox mouse integration: device is a pointer
[   106.749] (II) event6  - VirtualBox mouse integration: device removed
[   106.749] (**) Option "config_info" "udev:/sys/devices/pci0000:00/0000:00:04.0/input/input7/event6"
[   106.749] (II) XINPUT: Adding extended input device "VirtualBox mouse integration" (type: MOUSE, id 9)
[   106.751] (**) Option "AccelerationScheme" "none"
[   106.751] (**) VirtualBox mouse integration: (accel) selected scheme none/0
[   106.752] (**) VirtualBox mouse integration: (accel) acceleration factor: 2.000
[   106.752] (**) VirtualBox mouse integration: (accel) acceleration threshold: 4
[   106.752] (II) event6  - VirtualBox mouse integration: is tagged by udev as: Mouse
[   106.752] (II) event6  - VirtualBox mouse integration: device is a pointer
[   106.754] (II) config/udev: Adding input device VirtualBox mouse integration (/dev/input/js1)
[   106.754] (II) No input driver specified, ignoring this device.
[   106.754] (II) This device may have been added with another device file.
[   106.754] (II) config/udev: Adding input device VirtualBox USB Tablet (/dev/input/event5)
[   106.754] (**) VirtualBox USB Tablet: Applying InputClass "libinput pointer catchall"
[   106.755] (II) Using input driver 'libinput' for 'VirtualBox USB Tablet'
[   106.812] (II) systemd-logind: got fd for /dev/input/event5 13:69 fd 26 paused 0
[   106.812] (**) VirtualBox USB Tablet: always reports core events
[   106.812] (**) Option "Device" "/dev/input/event5"
[   106.812] (**) Option "_source" "server/udev"
[   106.813] (II) event5  - VirtualBox USB Tablet: is tagged by udev as: Mouse
[   106.813] (II) event5  - VirtualBox USB Tablet: device is a pointer
[   106.813] (II) event5  - VirtualBox USB Tablet: device removed
[   106.813] (**) Option "config_info" "udev:/sys/devices/pci0000:00/0000:00:06.0/usb1/1-1/1-1:1.0/0003:80EE:0021.0001/input/input6/event5"
[   106.813] (II) XINPUT: Adding extended input device "VirtualBox USB Tablet" (type: MOUSE, id 10)
[   106.813] (**) Option "AccelerationScheme" "none"
[   106.813] (**) VirtualBox USB Tablet: (accel) selected scheme none/0
[   106.813] (**) VirtualBox USB Tablet: (accel) acceleration factor: 2.000
[   106.813] (**) VirtualBox USB Tablet: (accel) acceleration threshold: 4
[   106.813] (II) event5  - VirtualBox USB Tablet: is tagged by udev as: Mouse
[   106.813] (II) event5  - VirtualBox USB Tablet: device is a pointer
[   106.814] (II) config/udev: Adding input device VirtualBox USB Tablet (/dev/input/js0)
[   106.814] (II) No input driver specified, ignoring this device.
[   106.814] (II) This device may have been added with another device file.
[   106.814] (II) config/udev: Adding input device VirtualBox USB Tablet (/dev/input/mouse1)
[   106.814] (II) No input driver specified, ignoring this device.
[   106.814] (II) This device may have been added with another device file.
[   106.814] (II) config/udev: Adding input device AT Translated Set 2 keyboard (/dev/input/event2)
[   106.814] (**) AT Translated Set 2 keyboard: Applying InputClass "libinput keyboard catchall"
[   106.814] (II) Using input driver 'libinput' for 'AT Translated Set 2 keyboard'
[   106.819] (II) systemd-logind: got fd for /dev/input/event2 13:66 fd 27 paused 0
[   106.819] (**) AT Translated Set 2 keyboard: always reports core events
[   106.819] (**) Option "Device" "/dev/input/event2"
[   106.819] (**) Option "_source" "server/udev"
[   106.819] (II) event2  - AT Translated Set 2 keyboard: is tagged by udev as: Keyboard
[   106.820] (II) event2  - AT Translated Set 2 keyboard: device is a keyboard
[   106.820] (II) event2  - AT Translated Set 2 keyboard: device removed
[   106.820] (**) Option "config_info" "udev:/sys/devices/platform/i8042/serio0/input/input2/event2"
[   106.820] (II) XINPUT: Adding extended input device "AT Translated Set 2 keyboard" (type: KEYBOARD, id 11)
[   106.820] (**) Option "xkb_model" "pc105"
[   106.820] (**) Option "xkb_layout" "us"
[   106.822] (II) event2  - AT Translated Set 2 keyboard: is tagged by udev as: Keyboard
[   106.822] (II) event2  - AT Translated Set 2 keyboard: device is a keyboard
[   106.829] (II) config/udev: Adding input device ImExPS/2 Generic Explorer Mouse (/dev/input/event4)
[   106.830] (**) ImExPS/2 Generic Explorer Mouse: Applying InputClass "libinput pointer catchall"
[   106.830] (II) Using input driver 'libinput' for 'ImExPS/2 Generic Explorer Mouse'
[   106.830] (II) systemd-logind: got fd for /dev/input/event4 13:68 fd 28 paused 0
[   106.830] (**) ImExPS/2 Generic Explorer Mouse: always reports core events
[   106.830] (**) Option "Device" "/dev/input/event4"
[   106.831] (**) Option "_source" "server/udev"
[   106.831] (II) event4  - ImExPS/2 Generic Explorer Mouse: is tagged by udev as: Mouse
[   106.831] (II) event4  - ImExPS/2 Generic Explorer Mouse: device is a pointer
[   106.831] (II) event4  - ImExPS/2 Generic Explorer Mouse: device removed
[   106.831] (**) Option "config_info" "udev:/sys/devices/platform/i8042/serio1/input/input5/event4"
[   106.832] (II) XINPUT: Adding extended input device "ImExPS/2 Generic Explorer Mouse" (type: MOUSE, id 12)
[   106.832] (**) Option "AccelerationScheme" "none"
[   106.832] (**) ImExPS/2 Generic Explorer Mouse: (accel) selected scheme none/0
[   106.832] (**) ImExPS/2 Generic Explorer Mouse: (accel) acceleration factor: 2.000
[   106.833] (**) ImExPS/2 Generic Explorer Mouse: (accel) acceleration threshold: 4
[   106.833] (II) event4  - ImExPS/2 Generic Explorer Mouse: is tagged by udev as: Mouse
[   106.833] (II) event4  - ImExPS/2 Generic Explorer Mouse: device is a pointer
[   106.834] (II) config/udev: Adding input device ImExPS/2 Generic Explorer Mouse (/dev/input/mouse0)
[   106.834] (II) No input driver specified, ignoring this device.
[   106.834] (II) This device may have been added with another device file.
[   111.053] (II) modeset(0): EDID vendor "VBX", prod id 0
[   111.053] (II) modeset(0): DDCModeFromDetailedTiming: 1920x950 Warning: We only handle separate sync.
[   111.053] (II) modeset(0): Using EDID range info for horizontal sync
[   111.053] (II) modeset(0): Using EDID range info for vertical refresh
